\BOOKMARK [1][]{section.1}{\376\377\173\054\116\000\172\340\000\040\140\073\211\310}{}% 1
\BOOKMARK [2][]{subsection.1.1}{\376\377\0001\000.\0001\000\040\121\150\145\207\230\204\211\310}{section.1}% 2
\BOOKMARK [3][]{subsubsection.1.1.1}{\376\377\0001\000.\0001\000.\0001\000\040\173\054\116\214\172\340\000\040\133\236\116\140\166\356\150\007}{subsection.1.1}% 3
\BOOKMARK [3][]{subsubsection.1.1.2}{\376\377\0001\000.\0001\000.\0002\000\040\173\054\116\011\172\340\000\040\000Y\000o\000l\000o\000\040\000V\0005}{subsection.1.1}% 4
\BOOKMARK [3][]{subsubsection.1.1.3}{\376\377\0001\000.\0001\000.\0003\000\040\173\054\126\333\172\340\000\040\000N\000e\000R\000F}{subsection.1.1}% 5
\BOOKMARK [3][]{subsubsection.1.1.4}{\376\377\0001\000.\0001\000.\0004\000\040\173\054\116\224\172\340\000\040\000N\000e\000R\000F\000\040\000P\000y\000t\000o\000r\000c\000h}{subsection.1.1}% 6
\BOOKMARK [3][]{subsubsection.1.1.5}{\376\377\0001\000.\0001\000.\0005\000\040\173\054\121\155\172\340\000\040\000N\000e\000R\000F\000\040\000S\000t\000u\000d\000i\000o}{subsection.1.1}% 7
\BOOKMARK [3][]{subsubsection.1.1.6}{\376\377\0001\000.\0001\000.\0006\000\040\173\054\116\003\172\340\000\040\000C\000o\000l\000m\000a\000p}{subsection.1.1}% 8
\BOOKMARK [3][]{subsubsection.1.1.7}{\376\377\0001\000.\0001\000.\0007\000\040\173\054\121\153\172\340\000\040\0003\000D\000\040\000G\000a\000u\000s\000s\000i\000a\000n\000\040\000S\000p\000l\000a\000t\000t\000i\000n\000g}{subsection.1.1}% 9
\BOOKMARK [3][]{subsubsection.1.1.8}{\376\377\0001\000.\0001\000.\0008\000\040\173\054\116\135\172\340\000\040\000S\000u\000G\000a\000R}{subsection.1.1}% 10
\BOOKMARK [3][]{subsubsection.1.1.9}{\376\377\0001\000.\0001\000.\0009\000\040\173\054\123\101\172\340\000\040\000N\000e\000u\000S}{subsection.1.1}% 11
\BOOKMARK [3][]{subsubsection.1.1.10}{\376\377\0001\000.\0001\000.\0001\0000\000\040\173\054\123\101\116\000\172\340\000\040\140\073\176\323\116\016\134\125\147\033}{subsection.1.1}% 12
\BOOKMARK [3][]{subsubsection.1.1.11}{\376\377\0001\000.\0001\000.\0001\0001\000\040\201\364\214\042}{subsection.1.1}% 13
\BOOKMARK [3][]{subsubsection.1.1.12}{\376\377\0001\000.\0001\000.\0001\0002\000\040\145\207\163\056}{subsection.1.1}% 14
\BOOKMARK [1][]{section.2}{\376\377\173\054\116\214\172\340\000\040\133\236\116\140\166\356\150\007}{}% 15
\BOOKMARK [2][]{subsection.2.1}{\376\377\0002\000.\0001\000\040\133\146\116\140\145\271\124\021\123\312\166\356\150\007}{section.2}% 16
\BOOKMARK [2][]{subsection.2.2}{\376\377\0002\000.\0002\000\040\147\037\147\033}{section.2}% 17
\BOOKMARK [1][]{section.3}{\376\377\173\054\116\011\172\340\000\040\000Y\000o\000l\000o\000\040\000V\0005}{}% 18
\BOOKMARK [2][]{subsection.3.1}{\376\377\0003\000.\0001\000\040\152\041\127\213\173\200\116\313}{section.3}% 19
\BOOKMARK [2][]{subsection.3.2}{\376\377\0003\000.\0002\000\040\152\041\127\213\163\257\130\203\221\115\177\156}{section.3}% 20
\BOOKMARK [2][]{subsection.3.3}{\376\377\0003\000.\0003\000\040\152\041\127\213\213\255\176\303}{section.3}% 21
\BOOKMARK [2][]{subsection.3.4}{\376\377\0003\000.\0004\000\040\155\113\213\325\201\352\135\361\122\066\117\134\166\204\145\160\143\156\226\306}{section.3}% 22
\BOOKMARK [2][]{subsection.3.5}{\376\377\0003\000.\0005\000\040\133\236\163\260\123\237\164\006}{section.3}% 23
\BOOKMARK [1][]{section.4}{\376\377\173\054\126\333\172\340\000\040\000N\000e\000R\000F}{}% 24
\BOOKMARK [2][]{subsection.4.1}{\376\377\0004\000.\0001\000\040\152\041\127\213\173\200\116\313}{section.4}% 25
\BOOKMARK [2][]{subsection.4.2}{\376\377\0004\000.\0002\000\040\152\041\127\213\163\257\130\203\221\115\177\156}{section.4}% 26
\BOOKMARK [2][]{subsection.4.3}{\376\377\0004\000.\0003\000\040\152\041\127\213\213\255\176\303}{section.4}% 27
\BOOKMARK [2][]{subsection.4.4}{\376\377\0004\000.\0004\000\040\213\255\176\303\176\323\147\234}{section.4}% 28
\BOOKMARK [2][]{subsection.4.5}{\376\377\0004\000.\0005\000\040\133\236\163\260\123\237\164\006}{section.4}% 29
\BOOKMARK [3][]{subsubsection.4.5.1}{\376\377\0004\000.\0005\000.\0001\000\040\000N\000e\000R\000F\166\204\150\070\137\303\140\035\140\363}{subsection.4.5}% 30
\BOOKMARK [3][]{subsubsection.4.5.2}{\376\377\0004\000.\0005\000.\0002\000\040\217\223\121\145\152\041\127\213\122\115\166\204\121\306\131\007}{subsection.4.5}% 31
\BOOKMARK [3][]{subsubsection.4.5.3}{\376\377\0004\000.\0005\000.\0003\000\040\152\041\127\213\213\276\213\241\116\016\217\223\121\372}{subsection.4.5}% 32
\BOOKMARK [3][]{subsubsection.4.5.4}{\376\377\0004\000.\0005\000.\0004\000\040\156\062\147\323\377\010\000R\000e\000n\000d\000e\000r\000i\000n\000g\377\011}{subsection.4.5}% 33
\BOOKMARK [1][]{section.5}{\376\377\173\054\116\224\172\340\000\040\000N\000e\000R\000F\000\040\000P\000y\000t\000o\000r\000c\000h}{}% 34
\BOOKMARK [2][]{subsection.5.1}{\376\377\0005\000.\0001\000\040\152\041\127\213\173\200\116\313}{section.5}% 35
\BOOKMARK [2][]{subsection.5.2}{\376\377\0005\000.\0002\000\040\152\041\127\213\213\255\176\303}{section.5}% 36
\BOOKMARK [2][]{subsection.5.3}{\376\377\0005\000.\0003\000\040\213\255\176\303\176\323\147\234}{section.5}% 37
\BOOKMARK [1][]{section.6}{\376\377\173\054\121\155\172\340\000\040\000N\000e\000R\000F\000\040\000S\000t\000u\000d\000i\000o}{}% 38
\BOOKMARK [2][]{subsection.6.1}{\376\377\0006\000.\0001\000\040\152\041\127\213\173\200\116\313}{section.6}% 39
\BOOKMARK [2][]{subsection.6.2}{\376\377\0006\000.\0002\000\040\152\041\127\213\163\257\130\203\221\115\177\156}{section.6}% 40
\BOOKMARK [2][]{subsection.6.3}{\376\377\0006\000.\0003\000\040\230\204\213\276\145\160\143\156\213\255\176\303}{section.6}% 41
\BOOKMARK [3][]{subsubsection.6.3.1}{\376\377\0006\000.\0003\000.\0001\000\040\145\160\143\156\121\306\131\007}{subsection.6.3}% 42
\BOOKMARK [3][]{subsubsection.6.3.2}{\376\377\0006\000.\0003\000.\0002\000\040\213\255\176\303\217\223\121\372}{subsection.6.3}% 43
\BOOKMARK [3][]{subsubsection.6.3.3}{\376\377\0006\000.\0003\000.\0003\000\040\123\357\211\306\123\026}{subsection.6.3}% 44
\BOOKMARK [3][]{subsubsection.6.3.4}{\376\377\0006\000.\0003\000.\0004\000\040\160\271\116\221\124\214\000m\000e\000s\000h\126\376\166\204\165\037\142\020}{subsection.6.3}% 45
\BOOKMARK [3][]{subsubsection.6.3.5}{\376\377\0006\000.\0003\000.\0005\000\040\156\062\147\323\211\306\230\221}{subsection.6.3}% 46
\BOOKMARK [2][]{subsection.6.4}{\376\377\0006\000.\0004\000\040\122\066\117\134\145\160\143\156\217\333\210\114\213\255\176\303}{section.6}% 47
\BOOKMARK [3][]{subsubsection.6.4.1}{\376\377\0006\000.\0004\000.\0001\000\040\145\160\143\156\121\306\131\007}{subsection.6.4}% 48
\BOOKMARK [3][]{subsubsection.6.4.2}{\376\377\0006\000.\0004\000.\0002\000\040\145\160\143\156\131\004\164\006}{subsection.6.4}% 49
\BOOKMARK [3][]{subsubsection.6.4.3}{\376\377\0006\000.\0004\000.\0003\000\040\145\160\143\156\213\255\176\303\124\214\217\223\121\372}{subsection.6.4}% 50
\BOOKMARK [3][]{subsubsection.6.4.4}{\376\377\0006\000.\0004\000.\0004\000\040\201\352\122\066\145\160\143\156\213\255\176\303\176\323\147\234}{subsection.6.4}% 51
\BOOKMARK [3][]{subsubsection.6.4.5}{\376\377\0006\000.\0004\000.\0005\000\040\202\052\142\315\145\160\143\156\213\255\176\303\176\323\147\234}{subsection.6.4}% 52
\BOOKMARK [1][]{section.7}{\376\377\173\054\116\003\172\340\000\040\000C\000o\000l\000m\000a\000p}{}% 53
\BOOKMARK [2][]{subsection.7.1}{\376\377\0007\000.\0001\000\040\000C\000o\000l\000m\000a\000p\173\200\116\313}{section.7}% 54
\BOOKMARK [2][]{subsection.7.2}{\376\377\0007\000.\0002\000\040\000C\000o\000l\000m\000a\000p\116\013\217\175}{section.7}% 55
\BOOKMARK [2][]{subsection.7.3}{\376\377\0007\000.\0003\000\040\220\032\217\307\211\306\230\221\142\026\126\376\162\107\165\037\142\020\160\271\116\221}{section.7}% 56
\BOOKMARK [2][]{subsection.7.4}{\376\377\0007\000.\0004\000\040\000S\000I\000F\000T\173\227\154\325}{section.7}% 57
\BOOKMARK [3][]{subsubsection.7.4.1}{\376\377\0007\000.\0004\000.\0001\000\040\000S\000I\000F\000T\173\227\154\325\173\200\116\313}{subsection.7.4}% 58
\BOOKMARK [3][]{subsubsection.7.4.2}{\376\377\0007\000.\0004\000.\0002\000\040\200\314\146\157\116\016\123\206\123\362}{subsection.7.4}% 59
\BOOKMARK [3][]{subsubsection.7.4.3}{\376\377\0007\000.\0004\000.\0003\000\040\000S\000I\000F\000T\173\227\154\325\123\237\164\006}{subsection.7.4}% 60
\BOOKMARK [3][]{subsubsection.7.4.4}{\376\377\0007\000.\0004\000.\0004\000\040\000S\000I\000F\000T\173\227\154\325\127\050\000C\000o\000l\000m\000a\000p\116\055\166\204\136\224\165\050}{subsection.7.4}% 61
\BOOKMARK [2][]{subsection.7.5}{\376\377\0007\000.\0005\000\040\000S\000F\000M}{section.7}% 62
\BOOKMARK [3][]{subsubsection.7.5.1}{\376\377\0007\000.\0005\000.\0001\000\040\000S\000F\000M\173\200\116\313}{subsection.7.5}% 63
\BOOKMARK [3][]{subsubsection.7.5.2}{\376\377\0007\000.\0005\000.\0002\000\040\000S\000F\000M\173\227\154\325\123\237\164\006}{subsection.7.5}% 64
\BOOKMARK [2][]{subsection.7.6}{\376\377\0007\000.\0006\000\040\000M\000V\000S}{section.7}% 65
\BOOKMARK [3][]{subsubsection.7.6.1}{\376\377\0007\000.\0006\000.\0001\000\040\000M\000V\000S\173\200\116\313}{subsection.7.6}% 66
\BOOKMARK [1][]{section.8}{\376\377\173\054\121\153\172\340\000\040\000G\000a\000u\000s\000s\000i\000a\000n\000\040\000S\000p\000l\000a\000t\000t\000i\000n\000g}{}% 67
\BOOKMARK [2][]{subsection.8.1}{\376\377\0008\000.\0001\000\040\000G\000a\000u\000s\000s\000i\000a\000n\000\040\000S\000p\000l\000a\000t\000t\000i\000n\000g\173\200\116\313}{section.8}% 68
\BOOKMARK [2][]{subsection.8.2}{\376\377\0008\000.\0002\000\040\152\041\127\213\163\257\130\203\221\115\177\156}{section.8}% 69
\BOOKMARK [2][]{subsection.8.3}{\376\377\0008\000.\0003\000\040\152\041\127\213\213\255\176\303}{section.8}% 70
\BOOKMARK [2][]{subsection.8.4}{\376\377\0008\000.\0004\000\040\133\236\163\260\123\237\164\006}{section.8}% 71
\BOOKMARK [2][]{subsection.8.5}{\376\377\0008\000.\0005\000\040\230\204\131\007\217\307\172\013\122\060\213\255\176\303\137\000\131\313\116\113\122\115}{section.8}% 72
\BOOKMARK [3][]{subsubsection.8.5.1}{\376\377\0008\000.\0005\000.\0001\000\040\213\255\176\303\217\307\172\013}{subsection.8.5}% 73
\BOOKMARK [2][]{subsection.8.6}{\376\377\0008\000.\0006\000\040\0003\000D\000\040\000G\000a\000u\000s\000s\000i\000a\000n\000\040\000S\000p\000l\000a\000t\000t\000i\000n\000g\124\214\000N\000e\000R\000F\166\204\153\324\217\203}{section.8}% 74
\BOOKMARK [1][]{section.9}{\376\377\173\054\116\135\172\340\000\040\000S\000u\000G\000a\000R}{}% 75
\BOOKMARK [2][]{subsection.9.1}{\376\377\0009\000.\0001\000\040\000S\000u\000G\000a\000R\173\200\116\313}{section.9}% 76
\BOOKMARK [2][]{subsection.9.2}{\376\377\0009\000.\0002\000\040\152\041\127\213\163\257\130\203\221\115\177\156}{section.9}% 77
\BOOKMARK [2][]{subsection.9.3}{\376\377\0009\000.\0003\000\040\152\041\127\213\213\255\176\303}{section.9}% 78
\BOOKMARK [2][]{subsection.9.4}{\376\377\0009\000.\0004\000\040\133\236\163\260\123\237\164\006}{section.9}% 79
\BOOKMARK [2][]{subsection.9.5}{\376\377\0009\000.\0005\000\040\213\255\176\303\145\110\147\234}{section.9}% 80
\BOOKMARK [1][]{section.10}{\376\377\173\054\123\101\172\340\000\040\000N\000e\000u\000S}{}% 81
\BOOKMARK [2][]{subsection.10.1}{\376\377\0001\0000\000.\0001\000\040\000N\000e\000u\000S\173\200\116\313}{section.10}% 82
\BOOKMARK [2][]{subsection.10.2}{\376\377\0001\0000\000.\0002\000\040\152\041\127\213\163\257\130\203\221\115\177\156}{section.10}% 83
\BOOKMARK [2][]{subsection.10.3}{\376\377\0001\0000\000.\0003\000\040\152\041\127\213\213\255\176\303}{section.10}% 84
\BOOKMARK [3][]{subsubsection.10.3.1}{\376\377\0001\0000\000.\0003\000.\0001\000\040\000N\000e\000u\000S\166\204\116\000\116\233\225\356\230\230}{subsection.10.3}% 85
\BOOKMARK [2][]{subsection.10.4}{\376\377\0001\0000\000.\0004\000\040\145\160\143\156\121\306\131\007}{section.10}% 86
\BOOKMARK [3][]{subsubsection.10.4.1}{\376\377\0001\0000\000.\0004\000.\0001\000\040\213\255\176\303\217\307\172\013}{subsection.10.4}% 87
\BOOKMARK [2][]{subsection.10.5}{\376\377\0001\0000\000.\0005\000\040\133\236\163\260\123\237\164\006}{section.10}% 88
\BOOKMARK [3][]{subsubsection.10.5.1}{\376\377\0001\0000\000.\0005\000.\0001\000\040\210\150\227\142\210\150\171\072}{subsection.10.5}% 89
\BOOKMARK [3][]{subsubsection.10.5.2}{\376\377\0001\0000\000.\0005\000.\0002\000\040\117\123\171\357\156\062\147\323\145\271\150\110}{subsection.10.5}% 90
\BOOKMARK [3][]{subsubsection.10.5.3}{\376\377\0001\0000\000.\0005\000.\0003\000\040\147\103\221\315\121\375\145\160\211\201\154\102}{subsection.10.5}% 91
\BOOKMARK [3][]{subsubsection.10.5.4}{\376\377\0001\0000\000.\0005\000.\0004\000\040\213\255\176\303\217\307\172\013}{subsection.10.5}% 92
\BOOKMARK [3][]{subsubsection.10.5.5}{\376\377\0001\0000\000.\0005\000.\0005\000\040\122\006\134\102\221\307\150\067\173\126\165\145}{subsection.10.5}% 93
\BOOKMARK [1][]{section.11}{\376\377\173\054\123\101\116\000\172\340\000\040\140\073\176\323\116\016\134\125\147\033}{}% 94
\BOOKMARK [2][]{subsection.11.1}{\376\377\0001\0001\000.\0001\000\040\140\073\176\323}{section.11}% 95
\BOOKMARK [2][]{subsection.11.2}{\376\377\0001\0001\000.\0002\000\040\147\052\147\145\134\125\147\033}{section.11}% 96
